<?xml version="1.0" encoding="UTF-8"?>
<!-- Generated by org.testng.reporters.JUnitReportReporter -->
<testsuite hostname="3bsattar" failures="0" tests="1" name="com.task.itida.test.AmazonTest" time="22.429" errors="0" timestamp="2025-05-19T14:52:18 EEST" skipped="0">
  <testcase classname="com.task.itida.test.AmazonTest" name="testAddiPadToCart" time="22.429"/>
</testsuite> <!-- com.task.itida.test.AmazonTest -->
